<?xml version="1.0" encoding="UTF-8"?>
<!-- Generated by org.testng.reporters.JUnitReportReporter -->
<testsuite hostname="admichy-PC" name="chapter1.BraveKnightTest" tests="1" failures="0" timestamp="18 May 2018 06:50:57 GMT" time="0.011" errors="0">
  <testcase name="f" time="0.011" classname="chapter1.BraveKnightTest"/>
</testsuite> <!-- chapter1.BraveKnightTest -->
