<?xml version="1.0" encoding="UTF-8"?>
<!-- Generated by org.testng.reporters.JUnitReportReporter -->
<testsuite hostname="admichy-PC" name="chapter2.CDPlayerTest" tests="1" failures="0" timestamp="18 May 2018 09:40:24 GMT" time="0.019" errors="0">
  <testcase name="f" time="0.019" classname="chapter2.CDPlayerTest"/>
</testsuite> <!-- chapter2.CDPlayerTest -->
